0 info it worked if it ends with ok
1 verbose cli [ 'C:\\Program Files\\nodejs\\node.exe',
1 verbose cli   'C:\\Program Files\\nodejs\\node_modules\\npm\\bin\\npm-cli.js',
1 verbose cli   'run',
1 verbose cli   'dev' ]
2 info using npm@2.14.12
3 info using node@v4.3.1
4 verbose run-script [ 'predev', 'dev', 'postdev' ]
5 info predev book@1.0.0
6 info dev book@1.0.0
7 verbose unsafe-perm in lifecycle true
8 info book@1.0.0 Failed to exec dev script
9 verbose stack Error: book@1.0.0 dev: `webpack-dev-server --inline --hot --no-info`
9 verbose stack Exit status 1
9 verbose stack     at EventEmitter.<anonymous> (C:\Program Files\nodejs\node_modules\npm\lib\utils\lifecycle.js:214:16)
9 verbose stack     at emitTwo (events.js:87:13)
9 verbose stack     at EventEmitter.emit (events.js:172:7)
9 verbose stack     at ChildProcess.<anonymous> (C:\Program Files\nodejs\node_modules\npm\lib\utils\spawn.js:24:14)
9 verbose stack     at emitTwo (events.js:87:13)
9 verbose stack     at ChildProcess.emit (events.js:172:7)
9 verbose stack     at maybeClose (internal/child_process.js:821:16)
9 verbose stack     at Process.ChildProcess._handle.onexit (internal/child_process.js:211:5)
10 verbose pkgid book@1.0.0
11 verbose cwd E:\wamp\www\test
12 error Windows_NT 6.1.7601
13 error argv "C:\\Program Files\\nodejs\\node.exe" "C:\\Program Files\\nodejs\\node_modules\\npm\\bin\\npm-cli.js" "run" "dev"
14 error node v4.3.1
15 error npm  v2.14.12
16 error code ELIFECYCLE
17 error book@1.0.0 dev: `webpack-dev-server --inline --hot --no-info`
17 error Exit status 1
18 error Failed at the book@1.0.0 dev script 'webpack-dev-server --inline --hot --no-info'.
18 error This is most likely a problem with the book package,
18 error not with npm itself.
18 error Tell the author that this fails on your system:
18 error     webpack-dev-server --inline --hot --no-info
18 error You can get their info via:
18 error     npm owner ls book
18 error There is likely additional logging output above.
19 verbose exit [ 1, true ]
